<?xml version="1.0" encoding="UTF-8" ?>
<testsuite failures="0" time="0.078" errors="0" skipped="0" tests="2" name="com.example.models.TimeTest">
  <properties>
    <property name="java.runtime.name" value="Java(TM) SE Runtime Environment"/>
    <property name="sun.boot.library.path" value="/System/Library/Java/JavaVirtualMachines/1.6.0.jdk/Contents/Libraries"/>
    <property name="java.vm.version" value="20.51-b01-457"/>
    <property name="awt.nativeDoubleBuffering" value="true"/>
    <property name="gopherProxySet" value="false"/>
    <property name="mrj.build" value="11M4509"/>
    <property name="java.vm.vendor" value="Apple Inc."/>
    <property name="java.vendor.url" value="http://www.apple.com/"/>
    <property name="path.separator" value=":"/>
    <property name="java.vm.name" value="Java HotSpot(TM) 64-Bit Server VM"/>
    <property name="file.encoding.pkg" value="sun.io"/>
    <property name="user.country" value="US"/>
    <property name="sun.java.launcher" value="SUN_STANDARD"/>
    <property name="sun.os.patch.level" value="unknown"/>
    <property name="java.vm.specification.name" value="Java Virtual Machine Specification"/>
    <property name="user.dir" value="/Users/haquangtan/Projects/heroku-sample"/>
    <property name="java.runtime.version" value="1.6.0_51-b11-457-11M4509"/>
    <property name="java.awt.graphicsenv" value="apple.awt.CGraphicsEnvironment"/>
    <property name="basedir" value="/Users/haquangtan/Projects/heroku-sample"/>
    <property name="java.endorsed.dirs" value="/System/Library/Java/JavaVirtualMachines/1.6.0.jdk/Contents/Home/lib/endorsed"/>
    <property name="os.arch" value="x86_64"/>
    <property name="surefire.real.class.path" value="/Users/haquangtan/Projects/heroku-sample/target/surefire/surefirebooter3665400828757031963.jar"/>
    <property name="java.io.tmpdir" value="/var/folders/jl/329gyspn6zv49psv4rzdpl200000gq/T/"/>
    <property name="line.separator" value="
"/>
    <property name="java.vm.specification.vendor" value="Sun Microsystems Inc."/>
    <property name="os.name" value="Mac OS X"/>
    <property name="sun.jnu.encoding" value="MacRoman"/>
    <property name="java.library.path" value=".:/Library/Java/Extensions:/System/Library/Java/Extensions:/usr/lib/java"/>
    <property name="surefire.test.class.path" value="/Users/haquangtan/Projects/heroku-sample/target/test-classes:/Users/haquangtan/Projects/heroku-sample/target/classes:/Users/haquangtan/.m2/repository/org/eclipse/jetty/jetty-servlet/7.6.0.v20120127/jetty-servlet-7.6.0.v20120127.jar:/Users/haquangtan/.m2/repository/org/eclipse/jetty/jetty-security/7.6.0.v20120127/jetty-security-7.6.0.v20120127.jar:/Users/haquangtan/.m2/repository/org/eclipse/jetty/jetty-server/7.6.0.v20120127/jetty-server-7.6.0.v20120127.jar:/Users/haquangtan/.m2/repository/javax/servlet/servlet-api/2.5/servlet-api-2.5.jar:/Users/haquangtan/.m2/repository/org/eclipse/jetty/jetty-continuation/7.6.0.v20120127/jetty-continuation-7.6.0.v20120127.jar:/Users/haquangtan/.m2/repository/org/eclipse/jetty/jetty-http/7.6.0.v20120127/jetty-http-7.6.0.v20120127.jar:/Users/haquangtan/.m2/repository/org/eclipse/jetty/jetty-io/7.6.0.v20120127/jetty-io-7.6.0.v20120127.jar:/Users/haquangtan/.m2/repository/org/eclipse/jetty/jetty-webapp/7.6.0.v20120127/jetty-webapp-7.6.0.v20120127.jar:/Users/haquangtan/.m2/repository/org/eclipse/jetty/jetty-xml/7.6.0.v20120127/jetty-xml-7.6.0.v20120127.jar:/Users/haquangtan/.m2/repository/org/eclipse/jetty/jetty-util/7.6.0.v20120127/jetty-util-7.6.0.v20120127.jar:/Users/haquangtan/.m2/repository/com/sun/jersey/jersey-server/1.8/jersey-server-1.8.jar:/Users/haquangtan/.m2/repository/asm/asm/3.1/asm-3.1.jar:/Users/haquangtan/.m2/repository/com/sun/jersey/jersey-core/1.8/jersey-core-1.8.jar:/Users/haquangtan/.m2/repository/com/sun/jersey/contribs/jersey-multipart/1.8/jersey-multipart-1.8.jar:/Users/haquangtan/.m2/repository/org/jvnet/mimepull/1.4/mimepull-1.4.jar:/Users/haquangtan/.m2/repository/com/sun/jersey/jersey-json/1.8/jersey-json-1.8.jar:/Users/haquangtan/.m2/repository/org/codehaus/jettison/jettison/1.1/jettison-1.1.jar:/Users/haquangtan/.m2/repository/stax/stax-api/1.0.1/stax-api-1.0.1.jar:/Users/haquangtan/.m2/repository/com/sun/xml/bind/jaxb-impl/2.2.3-1/jaxb-impl-2.2.3-1.jar:/Users/haquangtan/.m2/repository/javax/xml/bind/jaxb-api/2.2.2/jaxb-api-2.2.2.jar:/Users/haquangtan/.m2/repository/javax/xml/stream/stax-api/1.0-2/stax-api-1.0-2.jar:/Users/haquangtan/.m2/repository/javax/activation/activation/1.1/activation-1.1.jar:/Users/haquangtan/.m2/repository/org/codehaus/jackson/jackson-core-asl/1.7.1/jackson-core-asl-1.7.1.jar:/Users/haquangtan/.m2/repository/org/codehaus/jackson/jackson-mapper-asl/1.7.1/jackson-mapper-asl-1.7.1.jar:/Users/haquangtan/.m2/repository/org/codehaus/jackson/jackson-jaxrs/1.7.1/jackson-jaxrs-1.7.1.jar:/Users/haquangtan/.m2/repository/org/codehaus/jackson/jackson-xc/1.7.1/jackson-xc-1.7.1.jar:/Users/haquangtan/.m2/repository/org/glassfish/web/javax.servlet.jsp/2.2.3/javax.servlet.jsp-2.2.3.jar:/Users/haquangtan/.m2/repository/javax/servlet/jsp/javax.servlet.jsp-api/2.2.1/javax.servlet.jsp-api-2.2.1.jar:/Users/haquangtan/.m2/repository/org/glassfish/web/javax.el/2.2.3/javax.el-2.2.3.jar:/Users/haquangtan/.m2/repository/javax/el/javax.el-api/2.2.4/javax.el-api-2.2.4.jar:/Users/haquangtan/.m2/repository/org/glassfish/web/javax.servlet.jsp.jstl/1.2.1/javax.servlet.jsp.jstl-1.2.1.jar:/Users/haquangtan/.m2/repository/junit/junit/4.10/junit-4.10.jar:/Users/haquangtan/.m2/repository/org/hamcrest/hamcrest-core/1.1/hamcrest-core-1.1.jar:"/>
    <property name="java.specification.name" value="Java Platform API Specification"/>
    <property name="java.class.version" value="50.0"/>
    <property name="sun.management.compiler" value="HotSpot 64-Bit Tiered Compilers"/>
    <property name="os.version" value="10.8.4"/>
    <property name="http.nonProxyHosts" value="local|*.local|169.254/16|*.169.254/16"/>
    <property name="user.home" value="/Users/haquangtan"/>
    <property name="user.timezone" value="GMT+07:00"/>
    <property name="java.awt.printerjob" value="apple.awt.CPrinterJob"/>
    <property name="java.specification.version" value="1.6"/>
    <property name="file.encoding" value="MacRoman"/>
    <property name="user.name" value="haquangtan"/>
    <property name="java.class.path" value="/Users/haquangtan/Projects/heroku-sample/target/test-classes:/Users/haquangtan/Projects/heroku-sample/target/classes:/Users/haquangtan/.m2/repository/org/eclipse/jetty/jetty-servlet/7.6.0.v20120127/jetty-servlet-7.6.0.v20120127.jar:/Users/haquangtan/.m2/repository/org/eclipse/jetty/jetty-security/7.6.0.v20120127/jetty-security-7.6.0.v20120127.jar:/Users/haquangtan/.m2/repository/org/eclipse/jetty/jetty-server/7.6.0.v20120127/jetty-server-7.6.0.v20120127.jar:/Users/haquangtan/.m2/repository/javax/servlet/servlet-api/2.5/servlet-api-2.5.jar:/Users/haquangtan/.m2/repository/org/eclipse/jetty/jetty-continuation/7.6.0.v20120127/jetty-continuation-7.6.0.v20120127.jar:/Users/haquangtan/.m2/repository/org/eclipse/jetty/jetty-http/7.6.0.v20120127/jetty-http-7.6.0.v20120127.jar:/Users/haquangtan/.m2/repository/org/eclipse/jetty/jetty-io/7.6.0.v20120127/jetty-io-7.6.0.v20120127.jar:/Users/haquangtan/.m2/repository/org/eclipse/jetty/jetty-webapp/7.6.0.v20120127/jetty-webapp-7.6.0.v20120127.jar:/Users/haquangtan/.m2/repository/org/eclipse/jetty/jetty-xml/7.6.0.v20120127/jetty-xml-7.6.0.v20120127.jar:/Users/haquangtan/.m2/repository/org/eclipse/jetty/jetty-util/7.6.0.v20120127/jetty-util-7.6.0.v20120127.jar:/Users/haquangtan/.m2/repository/com/sun/jersey/jersey-server/1.8/jersey-server-1.8.jar:/Users/haquangtan/.m2/repository/asm/asm/3.1/asm-3.1.jar:/Users/haquangtan/.m2/repository/com/sun/jersey/jersey-core/1.8/jersey-core-1.8.jar:/Users/haquangtan/.m2/repository/com/sun/jersey/contribs/jersey-multipart/1.8/jersey-multipart-1.8.jar:/Users/haquangtan/.m2/repository/org/jvnet/mimepull/1.4/mimepull-1.4.jar:/Users/haquangtan/.m2/repository/com/sun/jersey/jersey-json/1.8/jersey-json-1.8.jar:/Users/haquangtan/.m2/repository/org/codehaus/jettison/jettison/1.1/jettison-1.1.jar:/Users/haquangtan/.m2/repository/stax/stax-api/1.0.1/stax-api-1.0.1.jar:/Users/haquangtan/.m2/repository/com/sun/xml/bind/jaxb-impl/2.2.3-1/jaxb-impl-2.2.3-1.jar:/Users/haquangtan/.m2/repository/javax/xml/bind/jaxb-api/2.2.2/jaxb-api-2.2.2.jar:/Users/haquangtan/.m2/repository/javax/xml/stream/stax-api/1.0-2/stax-api-1.0-2.jar:/Users/haquangtan/.m2/repository/javax/activation/activation/1.1/activation-1.1.jar:/Users/haquangtan/.m2/repository/org/codehaus/jackson/jackson-core-asl/1.7.1/jackson-core-asl-1.7.1.jar:/Users/haquangtan/.m2/repository/org/codehaus/jackson/jackson-mapper-asl/1.7.1/jackson-mapper-asl-1.7.1.jar:/Users/haquangtan/.m2/repository/org/codehaus/jackson/jackson-jaxrs/1.7.1/jackson-jaxrs-1.7.1.jar:/Users/haquangtan/.m2/repository/org/codehaus/jackson/jackson-xc/1.7.1/jackson-xc-1.7.1.jar:/Users/haquangtan/.m2/repository/org/glassfish/web/javax.servlet.jsp/2.2.3/javax.servlet.jsp-2.2.3.jar:/Users/haquangtan/.m2/repository/javax/servlet/jsp/javax.servlet.jsp-api/2.2.1/javax.servlet.jsp-api-2.2.1.jar:/Users/haquangtan/.m2/repository/org/glassfish/web/javax.el/2.2.3/javax.el-2.2.3.jar:/Users/haquangtan/.m2/repository/javax/el/javax.el-api/2.2.4/javax.el-api-2.2.4.jar:/Users/haquangtan/.m2/repository/org/glassfish/web/javax.servlet.jsp.jstl/1.2.1/javax.servlet.jsp.jstl-1.2.1.jar:/Users/haquangtan/.m2/repository/junit/junit/4.10/junit-4.10.jar:/Users/haquangtan/.m2/repository/org/hamcrest/hamcrest-core/1.1/hamcrest-core-1.1.jar:"/>
    <property name="java.vm.specification.version" value="1.0"/>
    <property name="sun.arch.data.model" value="64"/>
    <property name="java.home" value="/System/Library/Java/JavaVirtualMachines/1.6.0.jdk/Contents/Home"/>
    <property name="sun.java.command" value="/Users/haquangtan/Projects/heroku-sample/target/surefire/surefirebooter3665400828757031963.jar /Users/haquangtan/Projects/heroku-sample/target/surefire/surefire6117219778913269913tmp /Users/haquangtan/Projects/heroku-sample/target/surefire/surefire7880291664373122700tmp"/>
    <property name="java.specification.vendor" value="Sun Microsystems Inc."/>
    <property name="user.language" value="en"/>
    <property name="awt.toolkit" value="apple.awt.CToolkit"/>
    <property name="java.vm.info" value="mixed mode"/>
    <property name="java.version" value="1.6.0_51"/>
    <property name="java.ext.dirs" value="/Library/Java/Extensions:/System/Library/Java/Extensions:/System/Library/Java/JavaVirtualMachines/1.6.0.jdk/Contents/Home/lib/ext"/>
    <property name="sun.boot.class.path" value="/System/Library/Java/JavaVirtualMachines/1.6.0.jdk/Contents/Classes/jsfd.jar:/System/Library/Java/JavaVirtualMachines/1.6.0.jdk/Contents/Classes/classes.jar:/System/Library/Frameworks/JavaVM.framework/Frameworks/JavaRuntimeSupport.framework/Resources/Java/JavaRuntimeSupport.jar:/System/Library/Java/JavaVirtualMachines/1.6.0.jdk/Contents/Classes/ui.jar:/System/Library/Java/JavaVirtualMachines/1.6.0.jdk/Contents/Classes/laf.jar:/System/Library/Java/JavaVirtualMachines/1.6.0.jdk/Contents/Classes/sunrsasign.jar:/System/Library/Java/JavaVirtualMachines/1.6.0.jdk/Contents/Classes/jsse.jar:/System/Library/Java/JavaVirtualMachines/1.6.0.jdk/Contents/Classes/jce.jar:/System/Library/Java/JavaVirtualMachines/1.6.0.jdk/Contents/Classes/charsets.jar"/>
    <property name="java.vendor" value="Apple Inc."/>
    <property name="localRepository" value="/Users/haquangtan/.m2/repository"/>
    <property name="file.separator" value="/"/>
    <property name="java.vendor.url.bug" value="http://bugreport.apple.com/"/>
    <property name="sun.cpu.endian" value="little"/>
    <property name="sun.io.unicode.encoding" value="UnicodeLittle"/>
    <property name="mrj.version" value="1070.1.6.0_51-457"/>
    <property name="socksNonProxyHosts" value="local|*.local|169.254/16|*.169.254/16"/>
    <property name="ftp.nonProxyHosts" value="local|*.local|169.254/16|*.169.254/16"/>
    <property name="sun.cpu.isalist" value=""/>
  </properties>
  <testcase time="0.012" classname="com.example.models.TimeTest" name="testDefaultTimezone"/>
  <testcase time="0.013" classname="com.example.models.TimeTest" name="testSpecifiedTimezone"/>
</testsuite>